2026-06-12 00:15:02,510 [INFO] в•”в•ђв•ђв•ђв•ђв•ђв•ђв•ђв•ђв•ђв•ђв•ђв•ђв•ђв•ђв•ђв•ђв•ђв•ђв•ђв•ђв•ђв•ђв•ђв•ђв•ђв•ђв•ђв•ђв•ђв•ђв•ђв•ђв•ђв•ђв•ђв•ђв•ђв•ђв•ђв•ђв•ђв•ђв•—
2026-06-12 00:15:02,510 [INFO] в•‘   PIPELINE COMPLETO вЂ” ClГ­nica Veterinaria в•‘
2026-06-12 00:15:02,510 [INFO] в•љв•ђв•ђв•ђв•ђв•ђв•ђв•ђв•ђв•ђв•ђв•ђв•ђв•ђв•ђв•ђв•ђв•ђв•ђв•ђв•ђв•ђв•ђв•ђв•ђв•ђв•ђв•ђв•ђв•ђв•ђв•ђв•ђв•ђв•ђв•ђв•ђв•ђв•ђв•ђв•ђв•ђв•ђв•ќ
2026-06-12 00:15:02,510 [INFO] в•ђв•ђв•ђв•ђв•ђв•ђв•ђв•ђв•ђв•ђв•ђв•ђв•ђв•ђв•ђв•ђв•ђв•ђв•ђв•ђв•ђв•ђв•ђв•ђв•ђв•ђв•ђв•ђв•ђв•ђв•ђв•ђ
2026-06-12 00:15:02,510 [INFO]   ETAPA 1 вЂ” INGESTA
2026-06-12 00:15:02,510 [INFO] в•ђв•ђв•ђв•ђв•ђв•ђв•ђв•ђв•ђв•ђв•ђв•ђв•ђв•ђв•ђв•ђв•ђв•ђв•ђв•ђв•ђв•ђв•ђв•ђв•ђв•ђв•ђв•ђв•ђв•ђв•ђв•ђ
2026-06-12 00:15:02,510 [INFO] Leyendo dataset desde: mascotas.csv
2026-06-12 00:15:02,512 [INFO] Dataset cargado: 50 filas Г— 11 columnas
2026-06-12 00:15:02,513 [INFO] Columnas: ['id_mascota', 'nombre', 'especie', 'raza', 'edad_aГ±os', 'peso_kg', 'fecha_consulta', 'dueГ±o_nombre', 'dueГ±o_email', 'motivo_consulta', 'costo_consulta']
2026-06-12 00:15:02,513 [INFO] в”Ђв”Ђ ESTADГЌSTICAS DEL RAW DATASET в”Ђв”Ђ
2026-06-12 00:15:02,513 [INFO] Tipos de datos (dtypes):
2026-06-12 00:15:02,513 [INFO]   id_mascota: int64
2026-06-12 00:15:02,513 [INFO]   nombre: str
2026-06-12 00:15:02,513 [INFO]   especie: str
2026-06-12 00:15:02,514 [INFO]   raza: str
2026-06-12 00:15:02,514 [INFO]   edad_aГ±os: float64
2026-06-12 00:15:02,514 [INFO]   peso_kg: float64
2026-06-12 00:15:02,514 [INFO]   fecha_consulta: str
2026-06-12 00:15:02,514 [INFO]   dueГ±o_nombre: str
2026-06-12 00:15:02,514 [INFO]   dueГ±o_email: str
2026-06-12 00:15:02,514 [INFO]   motivo_consulta: str
2026-06-12 00:15:02,514 [INFO]   costo_consulta: float64
2026-06-12 00:15:02,515 [INFO] Valores nulos por columna:
2026-06-12 00:15:02,515 [INFO]   nombre: 2 nulos (4.0%)
2026-06-12 00:15:02,515 [INFO]   especie: 2 nulos (4.0%)
2026-06-12 00:15:02,515 [INFO]   raza: 1 nulos (2.0%)
2026-06-12 00:15:02,515 [INFO]   edad_aГ±os: 2 nulos (4.0%)
2026-06-12 00:15:02,515 [INFO]   fecha_consulta: 1 nulos (2.0%)
2026-06-12 00:15:02,516 [INFO]   dueГ±o_nombre: 2 nulos (4.0%)
2026-06-12 00:15:02,516 [INFO]   dueГ±o_email: 1 nulos (2.0%)
2026-06-12 00:15:02,516 [INFO]   motivo_consulta: 1 nulos (2.0%)
2026-06-12 00:15:02,516 [INFO]   costo_consulta: 1 nulos (2.0%)
2026-06-12 00:15:02,518 [INFO] Duplicados exactos: 0
2026-06-12 00:15:02,518 [INFO] Shape: 50 filas Г— 11 columnas
2026-06-12 00:15:02,518 [INFO] Primeras 3 filas:
2026-06-12 00:15:02,522 [INFO] 
   id_mascota    nombre especie      raza  edad_aГ±os  peso_kg fecha_consulta dueГ±o_nombre            dueГ±o_email    motivo_consulta  costo_consulta
0           1  Firulais   perro  Labrador        3.0     28.5     2023-03-15   Juan PГ©rez   juan.perez@gmail.com  Control rutinario         25000.0
1           2  FIRULAIS   perro  labrador        3.0     28.5     2023-03-15   Juan PГ©rez   juan.perez@gmail.com  Control rutinario         25000.0
2           3     Mishi    gato    SiamГ©s        5.0      4.2     2023-04-15          NaN  ana.gomez@hotmail.com         VacunaciГіn         18000.0
2026-06-12 00:15:02,524 [INFO] Copia raw guardada en: data/raw/mascotas_raw.csv
2026-06-12 00:15:02,524 [INFO] Etapa 1 completada.

2026-06-12 00:15:02,524 [INFO] в•ђв•ђв•ђв•ђв•ђв•ђв•ђв•ђв•ђв•ђв•ђв•ђв•ђв•ђв•ђв•ђв•ђв•ђв•ђв•ђв•ђв•ђв•ђв•ђв•ђв•ђв•ђв•ђв•ђв•ђв•ђв•ђ
2026-06-12 00:15:02,524 [INFO]   ETAPA 2 вЂ” LIMPIEZA Y TRANSFORMACIГ“N
2026-06-12 00:15:02,524 [INFO] в•ђв•ђв•ђв•ђв•ђв•ђв•ђв•ђв•ђв•ђв•ђв•ђв•ђв•ђв•ђв•ђв•ђв•ђв•ђв•ђв•ђв•ђв•ђв•ђв•ђв•ђв•ђв•ђв•ђв•ђв•ђв•ђ
2026-06-12 00:15:02,526 [INFO] Duplicados/filas vacГ­as eliminados: 0 | Restantes: 50
2026-06-12 00:15:02,528 [INFO] Especie antes: {'perro': 26, 'gato': 20, nan: 2, 'pez': 1, 'loro': 1}
2026-06-12 00:15:02,528 [INFO] Especie despuГ©s: {'perro': 26, 'gato': 20, nan: 2, 'pez': 1, 'loro': 1}
2026-06-12 00:15:02,532 [INFO] edad_aГ±os вЂ” nulos antes: 2 | despuГ©s: 2
2026-06-12 00:15:02,534 [INFO] Pesos imposibles corregidos: 0 | Nulos restantes: 0
2026-06-12 00:15:02,536 [INFO] Fechas no parseables (quedan como NaT): 1
2026-06-12 00:15:02,538 [INFO] rango_peso в†’ {'normal': 44, 'alto': 3, 'bajo': 2, 'obeso': 1}
2026-06-12 00:15:02,540 [INFO] mes_consulta y aГ±o_consulta creados. Rango fechas: 2023-03-15 00:00:00 в†’ 2024-08-08 00:00:00
2026-06-12 00:15:02,541 [INFO] Dummies creados: ['especie_gato', 'especie_loro', 'especie_perro', 'especie_pez']
2026-06-12 00:15:02,547 [INFO] aГ±os_cliente в†’ min: 0.0 | max: 1.13
2026-06-12 00:15:02,550 [INFO] Dataset limpio guardado en: data/clean/mascotas_clean.csv (50 filas Г— 19 columnas)
2026-06-12 00:15:02,552 [INFO] Etapa 2 completada.

2026-06-12 00:15:02,552 [INFO] в•ђв•ђв•ђв•ђв•ђв•ђв•ђв•ђв•ђв•ђв•ђв•ђв•ђв•ђв•ђв•ђв•ђв•ђв•ђв•ђв•ђв•ђв•ђв•ђв•ђв•ђв•ђв•ђв•ђв•ђв•ђв•ђ
2026-06-12 00:15:02,552 [INFO]   ETAPA 3 вЂ” VALIDACIГ“N
2026-06-12 00:15:02,552 [INFO] в•ђв•ђв•ђв•ђв•ђв•ђв•ђв•ђв•ђв•ђв•ђв•ђв•ђв•ђв•ђв•ђв•ђв•ђв•ђв•ђв•ђв•ђв•ђв•ђв•ђв•ђв•ђв•ђв•ђв•ђв•ђв•ђ
2026-06-12 00:15:02,552 [INFO] в”Ђв”Ђ ValidaciГіn Estructural (pandera) в”Ђв”Ђ
2026-06-12 00:15:02,566 [INFO] Todos los registros pasaron la validaciГіn estructural.
2026-06-12 00:15:02,568 [INFO] VГЎlidos estructurales: 50 | InvГЎlidos: 0
2026-06-12 00:15:02,568 [INFO] в”Ђв”Ђ ValidaciГіn SemГЎntica (reglas de negocio) в”Ђв”Ђ
2026-06-12 00:15:02,571 [INFO] VГЎlidos semГЎnticos: 50 | InvГЎlidos: 0
2026-06-12 00:15:02,574 [INFO] Registros vГЎlidos guardados en: data/validated/mascotas_validated.csv (50)
2026-06-12 00:15:02,575 [INFO] Registros invГЎlidos guardados en: data/errors/mascotas_errors.csv (0)
2026-06-12 00:15:02,575 [INFO] Etapa 3 completada.

2026-06-12 00:15:02,575 [INFO] в•ђв•ђв•ђв•ђв•ђв•ђв•ђв•ђв•ђв•ђв•ђв•ђв•ђв•ђв•ђв•ђв•ђв•ђв•ђв•ђв•ђв•ђв•ђв•ђв•ђв•ђв•ђв•ђв•ђв•ђв•ђв•ђ
2026-06-12 00:15:02,575 [INFO]   ETAPA 4 вЂ” CARGA A BASE DE DATOS (SQLite)
2026-06-12 00:15:02,575 [INFO] в•ђв•ђв•ђв•ђв•ђв•ђв•ђв•ђв•ђв•ђв•ђв•ђв•ђв•ђв•ђв•ђв•ђв•ђв•ђв•ђв•ђв•ђв•ђв•ђв•ђв•ђв•ђв•ђв•ђв•ђв•ђв•ђ
2026-06-12 00:15:02,575 [INFO] Conectado a SQLite: data/clinica_veterinaria.db
2026-06-12 00:15:02,575 [INFO] в”Ђв”Ђ Creando esquema de tablas в”Ђв”Ђ
2026-06-12 00:15:02,592 [INFO] Tablas 'dueГ±os' y 'mascotas' creadas con PK y FK.
2026-06-12 00:15:02,592 [INFO] в”Ђв”Ђ Cargando datos con transacciones ACID в”Ђв”Ђ
2026-06-12 00:15:02,595 [INFO] Insertando 42 dueГ±os Гєnicos...
2026-06-12 00:15:02,711 [INFO] Insertando 50 mascotas...
2026-06-12 00:15:02,850 [INFO] Insertadas correctamente: 50 | Rechazadas por BD: 0
2026-06-12 00:15:02,850 [INFO] в”Ђв”Ђ VerificaciГіn SQL в”Ђв”Ђ
2026-06-12 00:15:02,851 [INFO]   SELECT COUNT(*) FROM mascotas в†’ 50 registros
2026-06-12 00:15:02,851 [INFO]   Por especie (cantidad, costo promedio):
2026-06-12 00:15:02,851 [INFO]     perro: 26 mascotas | costo prom: $25,077
2026-06-12 00:15:02,851 [INFO]     gato: 20 mascotas | costo prom: $34,200
2026-06-12 00:15:02,851 [INFO]     None: 2 mascotas | costo prom: $18,000
2026-06-12 00:15:02,851 [INFO]     pez: 1 mascotas | costo prom: $15,000
2026-06-12 00:15:02,851 [INFO]     loro: 1 mascotas | costo prom: $20,000
2026-06-12 00:15:02,851 [INFO]   Top 5 consultas mГЎs caras:
2026-06-12 00:15:02,851 [INFO]     Nala (gato) вЂ” EsterilizaciГіn вЂ” $80,000 вЂ” dueГ±o: Isabel Rojas
2026-06-12 00:15:02,851 [INFO]     Mia (gato) вЂ” EsterilizaciГіn вЂ” $80,000 вЂ” dueГ±o: Natalia SГЎnchez
2026-06-12 00:15:02,851 [INFO]     Mimi (gato) вЂ” EsterilizaciГіn вЂ” $80,000 вЂ” dueГ±o: Catalina PeГ±a
2026-06-12 00:15:02,851 [INFO]     Rocky (perro) вЂ” Control cardГ­aco вЂ” $45,000 вЂ” dueГ±o: Diego Herrera
2026-06-12 00:15:02,851 [INFO]     Bruno (perro) вЂ” Control geriГЎtrico вЂ” $40,000 вЂ” dueГ±o: TomГЎs IbГЎГ±ez
2026-06-12 00:15:02,852 [INFO] Base de datos guardada en: data/clinica_veterinaria.db
2026-06-12 00:15:02,852 [INFO] Etapa 4 completada.

2026-06-12 00:15:02,852 [INFO] Pipeline completado en 0.34 segundos.
2026-06-12 00:15:02,852 [INFO] в•”в•ђв•ђв•ђв•ђв•ђв•ђв•ђв•ђв•ђв•ђв•ђв•ђв•ђв•ђв•ђв•ђв•ђв•ђв•ђв•ђв•ђв•ђв•ђв•ђв•ђв•ђв•ђв•ђв•ђв•ђв•ђв•ђв•ђв•ђв•ђв•ђв•ђв•ђв•ђв•ђв•ђв•ђв•—
2026-06-12 00:15:02,852 [INFO] в•‘   FIN DEL PIPELINE вЂ” Г‰XITO               в•‘
2026-06-12 00:15:02,852 [INFO] в•љв•ђв•ђв•ђв•ђв•ђв•ђв•ђв•ђв•ђв•ђв•ђв•ђв•ђв•ђв•ђв•ђв•ђв•ђв•ђв•ђв•ђв•ђв•ђв•ђв•ђв•ђв•ђв•ђв•ђв•ђв•ђв•ђв•ђв•ђв•ђв•ђв•ђв•ђв•ђв•ђв•ђв•ђв•ќ
2026-06-11 23:06:59,271 [INFO]   ETAPA 1 — INGESTA
2026-06-11 23:06:59,273 [INFO] Leyendo dataset desde: mascotas.csv
2026-06-11 23:06:59,292 [INFO] Dataset cargado: 50 filas Ч 11 columnas
2026-06-11 23:06:59,293 [INFO] Columnas: ['id_mascota', 'nombre', 'especie', 'raza', 'edad_aсos', 'peso_kg', 'fecha_consulta', 'dueсo_nombre', 'dueсo_email', 'motivo_consulta', 'costo_consulta']
2026-06-11 23:06:59,295 [INFO] Tipos de datos (dtypes):
2026-06-11 23:06:59,295 [INFO]   id_mascota: int64
2026-06-11 23:06:59,295 [INFO]   nombre: str
2026-06-11 23:06:59,296 [INFO]   especie: str
2026-06-11 23:06:59,296 [INFO]   raza: str
2026-06-11 23:06:59,296 [INFO]   edad_aсos: float64
2026-06-11 23:06:59,296 [INFO]   peso_kg: float64
2026-06-11 23:06:59,296 [INFO]   fecha_consulta: str
2026-06-11 23:06:59,296 [INFO]   dueсo_nombre: str
2026-06-11 23:06:59,297 [INFO]   dueсo_email: str
2026-06-11 23:06:59,297 [INFO]   motivo_consulta: str
2026-06-11 23:06:59,297 [INFO]   costo_consulta: float64
2026-06-11 23:06:59,299 [INFO] Valores nulos por columna:
2026-06-11 23:06:59,299 [INFO]   nombre: 2 nulos (4.0%)
2026-06-11 23:06:59,299 [INFO]   especie: 2 nulos (4.0%)
2026-06-11 23:06:59,300 [INFO]   raza: 1 nulos (2.0%)
2026-06-11 23:06:59,300 [INFO]   edad_aсos: 2 nulos (4.0%)
2026-06-11 23:06:59,300 [INFO]   fecha_consulta: 1 nulos (2.0%)
2026-06-11 23:06:59,300 [INFO]   dueсo_nombre: 2 nulos (4.0%)
2026-06-11 23:06:59,300 [INFO]   dueсo_email: 1 nulos (2.0%)
2026-06-11 23:06:59,300 [INFO]   motivo_consulta: 1 nulos (2.0%)
2026-06-11 23:06:59,300 [INFO]   costo_consulta: 1 nulos (2.0%)
2026-06-11 23:06:59,302 [INFO] Duplicados exactos: 0
2026-06-11 23:06:59,303 [INFO] Shape: 50 filas Ч 11 columnas
2026-06-11 23:06:59,303 [INFO] Primeras 3 filas:
2026-06-11 23:06:59,309 [INFO] 
   id_mascota    nombre especie      raza  edad_aсos  peso_kg fecha_consulta dueсo_nombre            dueсo_email    motivo_consulta  costo_consulta
0           1  Firulais   perro  Labrador        3.0     28.5     2023-03-15   Juan Pйrez   juan.perez@gmail.com  Control rutinario         25000.0
1           2  FIRULAIS   perro  labrador        3.0     28.5     2023-03-15   Juan Pйrez   juan.perez@gmail.com  Control rutinario         25000.0
2           3     Mishi    gato    Siamйs        5.0      4.2     2023-04-15          NaN  ana.gomez@hotmail.com         Vacunaciуn         18000.0
2026-06-11 23:06:59,314 [INFO] Copia raw guardada en: data/raw/mascotas_raw.csv
2026-06-11 23:06:59,314 [INFO] Etapa 1 completada.

2026-06-11 23:06:59,315 [INFO]   ETAPA 2 — LIMPIEZA Y TRANSFORMACIУN
2026-06-11 23:06:59,319 [INFO] Duplicados/filas vacнas eliminados: 0 | Restantes: 50
2026-06-11 23:06:59,322 [INFO] Especie antes: {'perro': 26, 'gato': 20, nan: 2, 'pez': 1, 'loro': 1}
2026-06-11 23:06:59,322 [INFO] Especie despuйs: {'perro': 26, 'gato': 20, nan: 2, 'pez': 1, 'loro': 1}
2026-06-11 23:06:59,327 [INFO] edad_aсos — nulos antes: 2 | despuйs: 2
2026-06-11 23:06:59,330 [INFO] Pesos imposibles corregidos: 0 | Nulos restantes: 0
2026-06-11 23:06:59,332 [INFO] Fechas no parseables (quedan como NaT): 1
2026-06-11 23:06:59,341 [INFO] Dummies creados: ['especie_gato', 'especie_loro', 'especie_perro', 'especie_pez']
2026-06-11 23:06:59,353 [INFO] Dataset limpio guardado en: data/clean/mascotas_clean.csv (50 filas Ч 19 columnas)
2026-06-11 23:06:59,353 [INFO] Etapa 2 completada.

2026-06-11 23:06:59,355 [INFO]   ETAPA 3 — VALIDACIУN
2026-06-11 23:06:59,390 [INFO] Todos los registros pasaron la validaciуn estructural.
2026-06-11 23:06:59,392 [INFO] Vбlidos estructurales: 50 | Invбlidos: 0
2026-06-11 23:06:59,398 [INFO] Vбlidos semбnticos: 50 | Invбlidos: 0
2026-06-11 23:06:59,403 [INFO] Registros vбlidos guardados en: data/validated/mascotas_validated.csv (50)
2026-06-11 23:06:59,404 [INFO] Registros invбlidos guardados en: data/errors/mascotas_errors.csv (0)
2026-06-11 23:06:59,404 [INFO] Etapa 3 completada.

2026-06-11 23:06:59,406 [INFO]   ETAPA 4 — CARGA A BASE DE DATOS (SQLite)
2026-06-11 23:06:59,411 [INFO] Conectado a SQLite: data/clinica_veterinaria.db
2026-06-11 23:06:59,430 [INFO] Tablas 'dueсos' y 'mascotas' creadas con PK y FK.
2026-06-11 23:06:59,435 [INFO] Insertando 42 dueсos ъnicos...
2026-06-11 23:06:59,571 [INFO] Insertando 50 mascotas...
2026-06-11 23:06:59,733 [INFO] Insertadas correctamente: 50 | Rechazadas por BD: 0
2026-06-11 23:06:59,737 [INFO]   Por especie (cantidad, costo promedio):
2026-06-11 23:06:59,737 [INFO]     perro: 26 mascotas | costo prom: $25,077
2026-06-11 23:06:59,737 [INFO]     gato: 20 mascotas | costo prom: $34,200
2026-06-11 23:06:59,737 [INFO]     None: 2 mascotas | costo prom: $18,000
2026-06-11 23:06:59,737 [INFO]     pez: 1 mascotas | costo prom: $15,000
2026-06-11 23:06:59,737 [INFO]     loro: 1 mascotas | costo prom: $20,000
2026-06-11 23:06:59,738 [INFO]   Top 5 consultas mбs caras:
2026-06-11 23:06:59,738 [INFO]     Nala (gato) — Esterilizaciуn — $80,000 — dueсo: Isabel Rojas
2026-06-11 23:06:59,738 [INFO]     Mia (gato) — Esterilizaciуn — $80,000 — dueсo: Natalia Sбnchez
2026-06-11 23:06:59,738 [INFO]     Mimi (gato) — Esterilizaciуn — $80,000 — dueсo: Catalina Peсa
2026-06-11 23:06:59,738 [INFO]     Rocky (perro) — Control cardнaco — $45,000 — dueсo: Diego Herrera
2026-06-11 23:06:59,738 [INFO]     Bruno (perro) — Control geriбtrico — $40,000 — dueсo: Tomбs Ibбсez
2026-06-11 23:06:59,739 [INFO] Base de datos guardada en: data/clinica_veterinaria.db
2026-06-11 23:06:59,739 [INFO] Etapa 4 completada.

2026-06-11 23:06:59,739 [INFO] Pipeline completado en 0.48 segundos.
